[2.867s] Invoking command in '/home/winicon/redEye/build/robots_nav_contr': PYTHONPATH=/home/winicon/redEye/build/robots_nav_contr/prefix_override:/usr/lib/python3/dist-packages/colcon_core/task/python/colcon_distutils_commands:/home/winicon/redEye/install/robots_nav_contr/lib/python3.10/site-packages:${PYTHONPATH} /usr/bin/python3 -W ignore:setup.py install is deprecated setup.py develop --editable --build-directory /home/winicon/redEye/build/robots_nav_contr/build --no-deps symlink_data
[4.043s] running develop
[4.044s] /usr/lib/python3/dist-packages/setuptools/command/easy_install.py:158: EasyInstallDeprecationWarning: easy_install command is deprecated. Use build and pip and other standards-based tools.
[4.044s]   warnings.warn(
[4.814s] running egg_info
[4.814s] writing robots_nav_contr.egg-info/PKG-INFO
[4.816s] writing dependency_links to robots_nav_contr.egg-info/dependency_links.txt
[4.816s] writing entry points to robots_nav_contr.egg-info/entry_points.txt
[4.817s] writing requirements to robots_nav_contr.egg-info/requires.txt
[4.818s] writing top-level names to robots_nav_contr.egg-info/top_level.txt
[4.826s] reading manifest file 'robots_nav_contr.egg-info/SOURCES.txt'
[4.831s] writing manifest file 'robots_nav_contr.egg-info/SOURCES.txt'
[4.839s] running build_ext
[4.839s] Creating /home/winicon/redEye/install/robots_nav_contr/lib/python3.10/site-packages/robots-nav-contr.egg-link (link to .)
[4.843s] Installing redeye_commands script to /home/winicon/redEye/install/robots_nav_contr/lib/robots_nav_contr
[4.844s] Installing robot_command_receiver script to /home/winicon/redEye/install/robots_nav_contr/lib/robots_nav_contr
[4.845s] Installing robots_nav_controller script to /home/winicon/redEye/install/robots_nav_contr/lib/robots_nav_contr
[4.845s] Installing robots_serial_commands script to /home/winicon/redEye/install/robots_nav_contr/lib/robots_nav_contr
[4.847s] 
[4.847s] Installed /home/winicon/redEye/build/robots_nav_contr
[4.847s] running symlink_data
[4.986s] Invoked command in '/home/winicon/redEye/build/robots_nav_contr' returned '0': PYTHONPATH=/home/winicon/redEye/build/robots_nav_contr/prefix_override:/usr/lib/python3/dist-packages/colcon_core/task/python/colcon_distutils_commands:/home/winicon/redEye/install/robots_nav_contr/lib/python3.10/site-packages:${PYTHONPATH} /usr/bin/python3 -W ignore:setup.py install is deprecated setup.py develop --editable --build-directory /home/winicon/redEye/build/robots_nav_contr/build --no-deps symlink_data
