[0.429s] DEBUG:colcon:Command line arguments: ['/usr/bin/colcon', 'build', '--symlink-install']
[0.429s] DEBUG:colcon:Parsed command line arguments: Namespace(log_base=None, log_level=None, verb_name='build', build_base='build', install_base='install', merge_install=False, symlink_install=True, test_result_base=None, continue_on_error=False, executor='parallel', parallel_workers=4, event_handlers=None, ignore_user_meta=False, metas=['./colcon.meta'], base_paths=['.'], packages_ignore=None, packages_ignore_regex=None, paths=None, packages_up_to=None, packages_up_to_regex=None, packages_above=None, packages_above_and_dependencies=None, packages_above_depth=None, packages_select_by_dep=None, packages_skip_by_dep=None, packages_skip_up_to=None, packages_select_build_failed=False, packages_skip_build_finished=False, packages_select_test_failures=False, packages_skip_test_passed=False, packages_select=None, packages_skip=None, packages_select_regex=None, packages_skip_regex=None, packages_start=None, packages_end=None, allow_overriding=[], cmake_args=None, cmake_target=None, cmake_target_skip_unavailable=False, cmake_clean_cache=False, cmake_clean_first=False, cmake_force_configure=False, ament_cmake_args=None, catkin_cmake_args=None, catkin_skip_building_tests=False, verb_parser=<colcon_defaults.argument_parser.defaults.DefaultArgumentsDecorator object at 0xffff7e4537c0>, verb_extension=<colcon_core.verb.build.BuildVerb object at 0xffff7e452710>, main=<bound method BuildVerb.main of <colcon_core.verb.build.BuildVerb object at 0xffff7e452710>>)
[1.182s] Level 1:colcon.colcon_core.package_discovery:discover_packages(colcon_meta) check parameters
[1.182s] Level 1:colcon.colcon_core.package_discovery:discover_packages(recursive) check parameters
[1.182s] Level 1:colcon.colcon_core.package_discovery:discover_packages(ignore) check parameters
[1.183s] Level 1:colcon.colcon_core.package_discovery:discover_packages(path) check parameters
[1.183s] Level 1:colcon.colcon_core.package_discovery:discover_packages(colcon_meta) discover
[1.183s] Level 1:colcon.colcon_core.package_discovery:discover_packages(recursive) discover
[1.183s] INFO:colcon.colcon_core.package_discovery:Crawling recursively for packages in '/home/winicon/redEye'
[1.183s] Level 1:colcon.colcon_core.package_identification:_identify(.) by extensions ['ignore', 'ignore_ament_install']
[1.184s] Level 1:colcon.colcon_core.package_identification:_identify(.) by extension 'ignore'
[1.185s] Level 1:colcon.colcon_core.package_identification:_identify(.) by extension 'ignore_ament_install'
[1.185s] Level 1:colcon.colcon_core.package_identification:_identify(.) by extensions ['colcon_pkg']
[1.185s] Level 1:colcon.colcon_core.package_identification:_identify(.) by extension 'colcon_pkg'
[1.185s] Level 1:colcon.colcon_core.package_identification:_identify(.) by extensions ['colcon_meta']
[1.185s] Level 1:colcon.colcon_core.package_identification:_identify(.) by extension 'colcon_meta'
[1.185s] Level 1:colcon.colcon_core.package_identification:_identify(.) by extensions ['ros']
[1.185s] Level 1:colcon.colcon_core.package_identification:_identify(.) by extension 'ros'
[1.233s] Level 1:colcon.colcon_core.package_identification:_identify(.) by extensions ['cmake', 'python']
[1.233s] Level 1:colcon.colcon_core.package_identification:_identify(.) by extension 'cmake'
[1.233s] Level 1:colcon.colcon_core.package_identification:_identify(.) by extension 'python'
[1.234s] Level 1:colcon.colcon_core.package_identification:_identify(.) by extensions ['python_setup_py']
[1.234s] Level 1:colcon.colcon_core.package_identification:_identify(.) by extension 'python_setup_py'
[1.234s] Level 1:colcon.colcon_core.package_identification:_identify(build) by extensions ['ignore', 'ignore_ament_install']
[1.235s] Level 1:colcon.colcon_core.package_identification:_identify(build) by extension 'ignore'
[1.235s] Level 1:colcon.colcon_core.package_identification:_identify(build) ignored
[1.235s] Level 1:colcon.colcon_core.package_identification:_identify(install) by extensions ['ignore', 'ignore_ament_install']
[1.236s] Level 1:colcon.colcon_core.package_identification:_identify(install) by extension 'ignore'
[1.236s] Level 1:colcon.colcon_core.package_identification:_identify(install) ignored
[1.236s] Level 1:colcon.colcon_core.package_identification:_identify(log) by extensions ['ignore', 'ignore_ament_install']
[1.237s] Level 1:colcon.colcon_core.package_identification:_identify(log) by extension 'ignore'
[1.237s] Level 1:colcon.colcon_core.package_identification:_identify(log) ignored
[1.237s] Level 1:colcon.colcon_core.package_identification:_identify(src) by extensions ['ignore', 'ignore_ament_install']
[1.237s] Level 1:colcon.colcon_core.package_identification:_identify(src) by extension 'ignore'
[1.238s] Level 1:colcon.colcon_core.package_identification:_identify(src) by extension 'ignore_ament_install'
[1.238s] Level 1:colcon.colcon_core.package_identification:_identify(src) by extensions ['colcon_pkg']
[1.238s] Level 1:colcon.colcon_core.package_identification:_identify(src) by extension 'colcon_pkg'
[1.238s] Level 1:colcon.colcon_core.package_identification:_identify(src) by extensions ['colcon_meta']
[1.238s] Level 1:colcon.colcon_core.package_identification:_identify(src) by extension 'colcon_meta'
[1.238s] Level 1:colcon.colcon_core.package_identification:_identify(src) by extensions ['ros']
[1.239s] Level 1:colcon.colcon_core.package_identification:_identify(src) by extension 'ros'
[1.239s] Level 1:colcon.colcon_core.package_identification:_identify(src) by extensions ['cmake', 'python']
[1.239s] Level 1:colcon.colcon_core.package_identification:_identify(src) by extension 'cmake'
[1.239s] Level 1:colcon.colcon_core.package_identification:_identify(src) by extension 'python'
[1.239s] Level 1:colcon.colcon_core.package_identification:_identify(src) by extensions ['python_setup_py']
[1.239s] Level 1:colcon.colcon_core.package_identification:_identify(src) by extension 'python_setup_py'
[1.240s] Level 1:colcon.colcon_core.package_identification:_identify(src/my_bot) by extensions ['ignore', 'ignore_ament_install']
[1.240s] Level 1:colcon.colcon_core.package_identification:_identify(src/my_bot) by extension 'ignore'
[1.240s] Level 1:colcon.colcon_core.package_identification:_identify(src/my_bot) by extension 'ignore_ament_install'
[1.241s] Level 1:colcon.colcon_core.package_identification:_identify(src/my_bot) by extensions ['colcon_pkg']
[1.241s] Level 1:colcon.colcon_core.package_identification:_identify(src/my_bot) by extension 'colcon_pkg'
[1.241s] Level 1:colcon.colcon_core.package_identification:_identify(src/my_bot) by extensions ['colcon_meta']
[1.241s] Level 1:colcon.colcon_core.package_identification:_identify(src/my_bot) by extension 'colcon_meta'
[1.241s] Level 1:colcon.colcon_core.package_identification:_identify(src/my_bot) by extensions ['ros']
[1.241s] Level 1:colcon.colcon_core.package_identification:_identify(src/my_bot) by extension 'ros'
[1.249s] DEBUG:colcon.colcon_core.package_identification:Package 'src/my_bot' with type 'ros.ament_cmake' and name 'my_bot'
[1.250s] Level 1:colcon.colcon_core.package_discovery:discover_packages(recursive) using defaults
[1.250s] Level 1:colcon.colcon_core.package_discovery:discover_packages(ignore) discover
[1.250s] Level 1:colcon.colcon_core.package_discovery:discover_packages(ignore) using defaults
[1.250s] Level 1:colcon.colcon_core.package_discovery:discover_packages(path) discover
[1.250s] Level 1:colcon.colcon_core.package_discovery:discover_packages(path) using defaults
[1.323s] Level 1:colcon.colcon_core.package_discovery:discover_packages(prefix_path) check parameters
[1.323s] Level 1:colcon.colcon_core.package_discovery:discover_packages(prefix_path) discover
[1.327s] WARNING:colcon.colcon_ros.prefix_path.catkin:The path '/home/winicon/redEye/install/my_bot' in the environment variable CMAKE_PREFIX_PATH doesn't exist
[1.331s] DEBUG:colcon.colcon_installed_package_information.package_discovery:Found 0 installed packages in /home/winicon/redEye/install
[1.339s] DEBUG:colcon.colcon_installed_package_information.package_discovery:Found 270 installed packages in /opt/ros/humble
[1.345s] Level 1:colcon.colcon_core.package_discovery:discover_packages(prefix_path) using defaults
[1.557s] Level 5:colcon.colcon_core.verb:set package 'my_bot' build argument 'cmake_args' from command line to 'None'
[1.558s] Level 5:colcon.colcon_core.verb:set package 'my_bot' build argument 'cmake_target' from command line to 'None'
[1.558s] Level 5:colcon.colcon_core.verb:set package 'my_bot' build argument 'cmake_target_skip_unavailable' from command line to 'False'
[1.558s] Level 5:colcon.colcon_core.verb:set package 'my_bot' build argument 'cmake_clean_cache' from command line to 'False'
[1.558s] Level 5:colcon.colcon_core.verb:set package 'my_bot' build argument 'cmake_clean_first' from command line to 'False'
[1.558s] Level 5:colcon.colcon_core.verb:set package 'my_bot' build argument 'cmake_force_configure' from command line to 'False'
[1.558s] Level 5:colcon.colcon_core.verb:set package 'my_bot' build argument 'ament_cmake_args' from command line to 'None'
[1.558s] Level 5:colcon.colcon_core.verb:set package 'my_bot' build argument 'catkin_cmake_args' from command line to 'None'
[1.558s] Level 5:colcon.colcon_core.verb:set package 'my_bot' build argument 'catkin_skip_building_tests' from command line to 'False'
[1.559s] DEBUG:colcon.colcon_core.verb:Building package 'my_bot' with the following arguments: {'ament_cmake_args': None, 'build_base': '/home/winicon/redEye/build/my_bot', 'catkin_cmake_args': None, 'catkin_skip_building_tests': False, 'cmake_args': None, 'cmake_clean_cache': False, 'cmake_clean_first': False, 'cmake_force_configure': False, 'cmake_target': None, 'cmake_target_skip_unavailable': False, 'install_base': '/home/winicon/redEye/install/my_bot', 'merge_install': False, 'path': '/home/winicon/redEye/src/my_bot', 'symlink_install': True, 'test_result_base': None}
[1.559s] INFO:colcon.colcon_core.executor:Executing jobs using 'parallel' executor
[1.563s] DEBUG:colcon.colcon_parallel_executor.executor.parallel:run_until_complete
[1.564s] INFO:colcon.colcon_ros.task.ament_cmake.build:Building ROS package in '/home/winicon/redEye/src/my_bot' with build type 'ament_cmake'
[1.565s] INFO:colcon.colcon_cmake.task.cmake.build:Building CMake package in '/home/winicon/redEye/src/my_bot'
[1.572s] INFO:colcon.colcon_core.plugin_system:Skipping extension 'colcon_core.shell.bat': Not used on non-Windows systems
[1.573s] INFO:colcon.colcon_core.shell:Skip shell extension 'powershell' for command environment: Not usable outside of PowerShell
[1.573s] DEBUG:colcon.colcon_core.shell:Skip shell extension 'dsv' for command environment
[1.616s] DEBUG:colcon.colcon_core.event_handler.log_command:Invoking command in '/home/winicon/redEye/build/my_bot': CMAKE_PREFIX_PATH=${CMAKE_PREFIX_PATH}:/opt/ros/humble /usr/bin/cmake /home/winicon/redEye/src/my_bot -DAMENT_CMAKE_SYMLINK_INSTALL=1 -DCMAKE_INSTALL_PREFIX=/home/winicon/redEye/install/my_bot
[6.059s] DEBUG:colcon.colcon_core.event_handler.log_command:Invoked command in '/home/winicon/redEye/build/my_bot' returned '0': CMAKE_PREFIX_PATH=${CMAKE_PREFIX_PATH}:/opt/ros/humble /usr/bin/cmake /home/winicon/redEye/src/my_bot -DAMENT_CMAKE_SYMLINK_INSTALL=1 -DCMAKE_INSTALL_PREFIX=/home/winicon/redEye/install/my_bot
[6.069s] DEBUG:colcon.colcon_core.event_handler.log_command:Invoking command in '/home/winicon/redEye/build/my_bot': CMAKE_PREFIX_PATH=${CMAKE_PREFIX_PATH}:/opt/ros/humble /usr/bin/cmake --build /home/winicon/redEye/build/my_bot -- -j4 -l4
[6.215s] DEBUG:colcon.colcon_core.event_handler.log_command:Invoked command in '/home/winicon/redEye/build/my_bot' returned '0': CMAKE_PREFIX_PATH=${CMAKE_PREFIX_PATH}:/opt/ros/humble /usr/bin/cmake --build /home/winicon/redEye/build/my_bot -- -j4 -l4
[6.369s] DEBUG:colcon.colcon_core.event_handler.log_command:Invoking command in '/home/winicon/redEye/build/my_bot': CMAKE_PREFIX_PATH=${CMAKE_PREFIX_PATH}:/opt/ros/humble /usr/bin/cmake --install /home/winicon/redEye/build/my_bot
[7.462s] Level 1:colcon.colcon_core.environment:create_environment_scripts_only(my_bot)
[7.464s] DEBUG:colcon.colcon_core.event_handler.log_command:Invoked command in '/home/winicon/redEye/build/my_bot' returned '0': CMAKE_PREFIX_PATH=${CMAKE_PREFIX_PATH}:/opt/ros/humble /usr/bin/cmake --install /home/winicon/redEye/build/my_bot
[7.474s] Level 1:colcon.colcon_core.environment:checking '/home/winicon/redEye/install/my_bot' for CMake module files
[7.477s] Level 1:colcon.colcon_core.environment:checking '/home/winicon/redEye/install/my_bot' for CMake config files
[7.479s] Level 1:colcon.colcon_core.shell:create_environment_hook('my_bot', 'cmake_prefix_path')
[7.480s] INFO:colcon.colcon_core.shell:Creating environment hook '/home/winicon/redEye/install/my_bot/share/my_bot/hook/cmake_prefix_path.ps1'
[7.482s] INFO:colcon.colcon_core.shell:Creating environment descriptor '/home/winicon/redEye/install/my_bot/share/my_bot/hook/cmake_prefix_path.dsv'
[7.484s] INFO:colcon.colcon_core.shell:Creating environment hook '/home/winicon/redEye/install/my_bot/share/my_bot/hook/cmake_prefix_path.sh'
[7.488s] Level 1:colcon.colcon_core.environment:checking '/home/winicon/redEye/install/my_bot/bin'
[7.488s] Level 1:colcon.colcon_core.environment:checking '/home/winicon/redEye/install/my_bot/lib/pkgconfig/my_bot.pc'
[7.489s] Level 1:colcon.colcon_core.environment:checking '/home/winicon/redEye/install/my_bot/lib/python3.10/site-packages'
[7.490s] Level 1:colcon.colcon_core.environment:checking '/home/winicon/redEye/install/my_bot/bin'
[7.491s] INFO:colcon.colcon_core.shell:Creating package script '/home/winicon/redEye/install/my_bot/share/my_bot/package.ps1'
[7.494s] INFO:colcon.colcon_core.shell:Creating package descriptor '/home/winicon/redEye/install/my_bot/share/my_bot/package.dsv'
[7.497s] INFO:colcon.colcon_core.shell:Creating package script '/home/winicon/redEye/install/my_bot/share/my_bot/package.sh'
[7.499s] INFO:colcon.colcon_core.shell:Creating package script '/home/winicon/redEye/install/my_bot/share/my_bot/package.bash'
[7.502s] INFO:colcon.colcon_core.shell:Creating package script '/home/winicon/redEye/install/my_bot/share/my_bot/package.zsh'
[7.505s] Level 1:colcon.colcon_core.environment:create_file_with_runtime_dependencies(/home/winicon/redEye/install/my_bot/share/colcon-core/packages/my_bot)
[7.621s] Level 1:colcon.colcon_core.environment:create_environment_scripts_only(my_bot)
[7.622s] Level 1:colcon.colcon_core.environment:checking '/home/winicon/redEye/install/my_bot' for CMake module files
[7.626s] Level 1:colcon.colcon_core.environment:checking '/home/winicon/redEye/install/my_bot' for CMake config files
[7.629s] Level 1:colcon.colcon_core.shell:create_environment_hook('my_bot', 'cmake_prefix_path')
[7.630s] INFO:colcon.colcon_core.shell:Creating environment hook '/home/winicon/redEye/install/my_bot/share/my_bot/hook/cmake_prefix_path.ps1'
[7.634s] INFO:colcon.colcon_core.shell:Creating environment descriptor '/home/winicon/redEye/install/my_bot/share/my_bot/hook/cmake_prefix_path.dsv'
[7.635s] INFO:colcon.colcon_core.shell:Creating environment hook '/home/winicon/redEye/install/my_bot/share/my_bot/hook/cmake_prefix_path.sh'
[7.638s] Level 1:colcon.colcon_core.environment:checking '/home/winicon/redEye/install/my_bot/bin'
[7.638s] Level 1:colcon.colcon_core.environment:checking '/home/winicon/redEye/install/my_bot/lib/pkgconfig/my_bot.pc'
[7.639s] Level 1:colcon.colcon_core.environment:checking '/home/winicon/redEye/install/my_bot/lib/python3.10/site-packages'
[7.640s] Level 1:colcon.colcon_core.environment:checking '/home/winicon/redEye/install/my_bot/bin'
[7.641s] INFO:colcon.colcon_core.shell:Creating package script '/home/winicon/redEye/install/my_bot/share/my_bot/package.ps1'
[7.643s] INFO:colcon.colcon_core.shell:Creating package descriptor '/home/winicon/redEye/install/my_bot/share/my_bot/package.dsv'
[7.645s] INFO:colcon.colcon_core.shell:Creating package script '/home/winicon/redEye/install/my_bot/share/my_bot/package.sh'
[7.648s] INFO:colcon.colcon_core.shell:Creating package script '/home/winicon/redEye/install/my_bot/share/my_bot/package.bash'
[7.650s] INFO:colcon.colcon_core.shell:Creating package script '/home/winicon/redEye/install/my_bot/share/my_bot/package.zsh'
[7.651s] Level 1:colcon.colcon_core.environment:create_file_with_runtime_dependencies(/home/winicon/redEye/install/my_bot/share/colcon-core/packages/my_bot)
[7.653s] DEBUG:colcon.colcon_parallel_executor.executor.parallel:closing loop
[7.654s] DEBUG:colcon.colcon_parallel_executor.executor.parallel:loop closed
[7.655s] DEBUG:colcon.colcon_parallel_executor.executor.parallel:run_until_complete finished with '0'
[7.655s] DEBUG:colcon.colcon_core.event_reactor:joining thread
[7.679s] INFO:colcon.colcon_core.plugin_system:Skipping extension 'colcon_notification.desktop_notification.terminal_notifier': Not used on non-Darwin systems
[7.680s] INFO:colcon.colcon_core.plugin_system:Skipping extension 'colcon_notification.desktop_notification.win32': Not used on non-Windows systems
[7.680s] INFO:colcon.colcon_notification.desktop_notification:Sending desktop notification using 'notify2'
[8.116s] DEBUG:colcon.colcon_core.event_reactor:joined thread
[8.118s] INFO:colcon.colcon_core.shell:Creating prefix script '/home/winicon/redEye/install/local_setup.ps1'
[8.123s] INFO:colcon.colcon_core.shell:Creating prefix util module '/home/winicon/redEye/install/_local_setup_util_ps1.py'
[8.129s] INFO:colcon.colcon_core.shell:Creating prefix chain script '/home/winicon/redEye/install/setup.ps1'
[8.133s] INFO:colcon.colcon_core.shell:Creating prefix script '/home/winicon/redEye/install/local_setup.sh'
[8.136s] INFO:colcon.colcon_core.shell:Creating prefix util module '/home/winicon/redEye/install/_local_setup_util_sh.py'
[8.138s] INFO:colcon.colcon_core.shell:Creating prefix chain script '/home/winicon/redEye/install/setup.sh'
[8.142s] INFO:colcon.colcon_core.shell:Creating prefix script '/home/winicon/redEye/install/local_setup.bash'
[8.144s] INFO:colcon.colcon_core.shell:Creating prefix chain script '/home/winicon/redEye/install/setup.bash'
[8.148s] INFO:colcon.colcon_core.shell:Creating prefix script '/home/winicon/redEye/install/local_setup.zsh'
[8.150s] INFO:colcon.colcon_core.shell:Creating prefix chain script '/home/winicon/redEye/install/setup.zsh'
