[2.967s] Invoking command in '/home/winicon/redEye/build/robots_nav_contr': PYTHONPATH=/home/winicon/redEye/build/robots_nav_contr/prefix_override:/usr/lib/python3/dist-packages/colcon_core/task/python/colcon_distutils_commands:/home/winicon/redEye/install/robots_nav_contr/lib/python3.10/site-packages:${PYTHONPATH} /usr/bin/python3 -W ignore:setup.py install is deprecated setup.py develop --editable --build-directory /home/winicon/redEye/build/robots_nav_contr/build --no-deps symlink_data
[4.131s] running develop
[4.135s] /usr/lib/python3/dist-packages/setuptools/command/easy_install.py:158: EasyInstallDeprecationWarning: easy_install command is deprecated. Use build and pip and other standards-based tools.
[4.136s]   warnings.warn(
[4.921s] running egg_info
[4.921s] writing robots_nav_contr.egg-info/PKG-INFO
[4.923s] writing dependency_links to robots_nav_contr.egg-info/dependency_links.txt
[4.924s] writing entry points to robots_nav_contr.egg-info/entry_points.txt
[4.925s] writing requirements to robots_nav_contr.egg-info/requires.txt
[4.926s] writing top-level names to robots_nav_contr.egg-info/top_level.txt
[4.935s] reading manifest file 'robots_nav_contr.egg-info/SOURCES.txt'
[4.940s] writing manifest file 'robots_nav_contr.egg-info/SOURCES.txt'
[4.946s] running build_ext
[4.947s] Creating /home/winicon/redEye/install/robots_nav_contr/lib/python3.10/site-packages/robots-nav-contr.egg-link (link to .)
[4.951s] Installing redeye_commands script to /home/winicon/redEye/install/robots_nav_contr/lib/robots_nav_contr
[4.952s] Installing robot_command_receiver script to /home/winicon/redEye/install/robots_nav_contr/lib/robots_nav_contr
[4.952s] Installing robots_nav_controller script to /home/winicon/redEye/install/robots_nav_contr/lib/robots_nav_contr
[4.953s] Installing robots_serial_commands script to /home/winicon/redEye/install/robots_nav_contr/lib/robots_nav_contr
[4.955s] 
[4.955s] Installed /home/winicon/redEye/build/robots_nav_contr
[4.956s] running symlink_data
[5.092s] Invoked command in '/home/winicon/redEye/build/robots_nav_contr' returned '0': PYTHONPATH=/home/winicon/redEye/build/robots_nav_contr/prefix_override:/usr/lib/python3/dist-packages/colcon_core/task/python/colcon_distutils_commands:/home/winicon/redEye/install/robots_nav_contr/lib/python3.10/site-packages:${PYTHONPATH} /usr/bin/python3 -W ignore:setup.py install is deprecated setup.py develop --editable --build-directory /home/winicon/redEye/build/robots_nav_contr/build --no-deps symlink_data
